<?xml version="1.0" encoding="UTF-8"?>
<!-- Generated by org.testng.reporters.JUnitXMLReporter -->
<testsuite ignored="0" hostname="Prasu" failures="0" tests="3" name="Test" time="210.14" errors="0" timestamp="2025-09-15T21:08:03 IST">
  <testcase classname="campaign.CampaignTest" name="CreateCampaignTest" time="1.684"/>
  <testcase classname="campaign.CampaignTest" name="CreateCampaignWithExpectedDateTest" time="1.447"/>
  <testcase classname="campaign.CampaignTest" name="CreateCampaignWithStatusTest" time="1.404"/>
</testsuite> <!-- Test -->
