<?xml version="1.0" encoding="UTF-8"?>
<testng-results ignored="0" total="1" passed="1" failed="0" skipped="0">
  <reporter-output>
    <line>
      <![CDATA[Report config]]>
    </line>
    <line>
      <![CDATA[db connection]]>
    </line>
    <line>
      <![CDATA[parallel execution]]>
    </line>
    <line>
      <![CDATA[execution started]]>
    </line>
    <line>
      <![CDATA[execution successfully done]]>
    </line>
    <line>
      <![CDATA[parallel execution]]>
    </line>
    <line>
      <![CDATA[close db connection]]>
    </line>
  </reporter-output>
  <suite started-at="2025-09-20T20:27:13 IST" name="Default suite" finished-at="2025-09-20T20:27:19 IST" duration-ms="6436">
    <groups>
    </groups>
    <test started-at="2025-09-20T20:27:13 IST" name="Default test" finished-at="2025-09-20T20:27:19 IST" duration-ms="6436">
      <class name="Product.ProductTest">
        <test-method is-config="true" signature="beforeSuite()[pri:0, instance:Product.ProductTest@6cf0e0ba]" started-at="2025-09-20T20:27:13 IST" name="beforeSuite" finished-at="2025-09-20T20:27:13 IST" duration-ms="15" status="PASS">
          <reporter-output>
            <line>
              <![CDATA[db connection]]>
            </line>
          </reporter-output>
        </test-method> <!-- beforeSuite -->
        <test-method is-config="true" signature="beforeTest()[pri:0, instance:Product.ProductTest@6cf0e0ba]" started-at="2025-09-20T20:27:13 IST" name="beforeTest" finished-at="2025-09-20T20:27:13 IST" duration-ms="0" status="PASS">
          <reporter-output>
            <line>
              <![CDATA[parallel execution]]>
            </line>
          </reporter-output>
        </test-method> <!-- beforeTest -->
        <test-method is-config="true" signature="beforeclass()[pri:0, instance:Product.ProductTest@6cf0e0ba]" started-at="2025-09-20T20:27:13 IST" name="beforeclass" finished-at="2025-09-20T20:27:14 IST" duration-ms="1374" status="PASS">
          <reporter-output>
          </reporter-output>
        </test-method> <!-- beforeclass -->
        <test-method is-config="true" signature="beforemethod()[pri:0, instance:Product.ProductTest@6cf0e0ba]" started-at="2025-09-20T20:27:14 IST" name="beforemethod" finished-at="2025-09-20T20:27:15 IST" duration-ms="1432" status="PASS">
          <reporter-output>
          </reporter-output>
        </test-method> <!-- beforemethod -->
        <test-method signature="CreateProductTest()[pri:0, instance:Product.ProductTest@6cf0e0ba]" started-at="2025-09-20T20:27:15 IST" name="CreateProductTest" finished-at="2025-09-20T20:27:18 IST" duration-ms="2303" status="PASS">
          <reporter-output>
            <line>
              <![CDATA[execution started]]>
            </line>
            <line>
              <![CDATA[execution successfully done]]>
            </line>
          </reporter-output>
        </test-method> <!-- CreateProductTest -->
        <test-method is-config="true" signature="aftermethod()[pri:0, instance:Product.ProductTest@6cf0e0ba]" started-at="2025-09-20T20:27:18 IST" name="aftermethod" finished-at="2025-09-20T20:27:19 IST" duration-ms="1054" status="PASS">
          <reporter-output>
          </reporter-output>
        </test-method> <!-- aftermethod -->
        <test-method is-config="true" signature="afterclass()[pri:0, instance:Product.ProductTest@6cf0e0ba]" started-at="2025-09-20T20:27:19 IST" name="afterclass" finished-at="2025-09-20T20:27:19 IST" duration-ms="224" status="PASS">
          <reporter-output>
          </reporter-output>
        </test-method> <!-- afterclass -->
        <test-method is-config="true" signature="afterTest()[pri:0, instance:Product.ProductTest@6cf0e0ba]" started-at="2025-09-20T20:27:19 IST" name="afterTest" finished-at="2025-09-20T20:27:19 IST" duration-ms="0" status="PASS">
          <reporter-output>
            <line>
              <![CDATA[parallel execution]]>
            </line>
          </reporter-output>
        </test-method> <!-- afterTest -->
        <test-method is-config="true" signature="afterSuite()[pri:0, instance:Product.ProductTest@6cf0e0ba]" started-at="2025-09-20T20:27:19 IST" name="afterSuite" finished-at="2025-09-20T20:27:19 IST" duration-ms="0" status="PASS">
          <reporter-output>
            <line>
              <![CDATA[close db connection]]>
            </line>
          </reporter-output>
        </test-method> <!-- afterSuite -->
      </class> <!-- Product.ProductTest -->
    </test> <!-- Default test -->
  </suite> <!-- Default suite -->
</testng-results>
