<?xml version="1.0" encoding="UTF-8"?>
<!-- Generated by org.testng.reporters.JUnitReportReporter -->
<testsuite hostname="Prasu" failures="0" tests="6" name="testng.ThreadPoolSize" time="30.951" errors="0" timestamp="2025-09-10T21:04:18 IST" skipped="0">
  <testcase classname="testng.ThreadPoolSize" name="sample" time="5.710">
    <system-out>
      <![CDATA[hello]]>
    </system-out>
  </testcase> <!-- sample -->
  <testcase classname="testng.ThreadPoolSize" name="sample" time="5.829">
    <system-out>
      <![CDATA[hello]]>
    </system-out>
  </testcase> <!-- sample -->
  <testcase classname="testng.ThreadPoolSize" name="sample" time="2.205">
    <system-out>
      <![CDATA[hello]]>
    </system-out>
  </testcase> <!-- sample -->
  <testcase classname="testng.ThreadPoolSize" name="sample" time="5.766">
    <system-out>
      <![CDATA[hello]]>
    </system-out>
  </testcase> <!-- sample -->
  <testcase classname="testng.ThreadPoolSize" name="sample" time="5.565">
    <system-out>
      <![CDATA[hello]]>
    </system-out>
  </testcase> <!-- sample -->
  <testcase classname="testng.ThreadPoolSize" name="sample" time="5.876">
    <system-out>
      <![CDATA[hello]]>
    </system-out>
  </testcase> <!-- sample -->
  <system-out>
    <![CDATA[hello
hello
hello
hello
hello
hello]]>
  </system-out>
</testsuite> <!-- testng.ThreadPoolSize -->
