<?xml version="1.0" encoding="UTF-8"?>
<!-- Generated by org.testng.reporters.JUnitReportReporter -->
<testsuite hostname="Prasu" failures="0" tests="3" name="testng.Dataproviderdemo" time="0.015" errors="0" timestamp="2025-09-11T20:11:46 IST" skipped="0">
  <testcase classname="testng.Dataproviderdemo" name="login" time="0.001"/>
  <testcase classname="testng.Dataproviderdemo" name="login" time="0.013"/>
  <testcase classname="testng.Dataproviderdemo" name="login" time="0.001"/>
</testsuite> <!-- testng.Dataproviderdemo -->
