<?xml version="1.0" encoding="UTF-8"?>
<!-- Generated by org.testng.reporters.JUnitReportReporter -->
<testsuite hostname="Prasu" failures="0" tests="3" name="testng.Program2" time="0.016" errors="0" timestamp="2025-09-10T20:30:05 IST" skipped="0">
  <testcase classname="testng.Program2" name="deleteAccount" time="0.003">
    <system-out>
      <![CDATA[account is deleted]]>
    </system-out>
  </testcase> <!-- deleteAccount -->
  <testcase classname="testng.Program2" name="updateAccount" time="0.001">
    <system-out>
      <![CDATA[account is updated]]>
    </system-out>
  </testcase> <!-- updateAccount -->
  <testcase classname="testng.Program2" name="createAccount" time="0.012">
    <system-out>
      <![CDATA[account is created]]>
    </system-out>
  </testcase> <!-- createAccount -->
  <system-out>
    <![CDATA[account is created
account is deleted
account is updated]]>
  </system-out>
</testsuite> <!-- testng.Program2 -->
