<?xml version="1.0" encoding="UTF-8"?>
<!-- Generated by org.testng.reporters.JUnitReportReporter -->
<testsuite hostname="Prasu" failures="0" tests="3" name="testng.DependsOnMethod" time="0.017" errors="0" timestamp="2025-09-10T21:23:13 IST" skipped="0">
  <testcase classname="testng.DependsOnMethod" name="deleteAccount" time="0.002">
    <system-out>
      <![CDATA[account is deleted]]>
    </system-out>
  </testcase> <!-- deleteAccount -->
  <testcase classname="testng.DependsOnMethod" name="updateAccount" time="0.002">
    <system-out>
      <![CDATA[account is updated]]>
    </system-out>
  </testcase> <!-- updateAccount -->
  <testcase classname="testng.DependsOnMethod" name="createAccount" time="0.013">
    <system-out>
      <![CDATA[account is created]]>
    </system-out>
  </testcase> <!-- createAccount -->
  <system-out>
    <![CDATA[account is created
account is updated
account is deleted]]>
  </system-out>
</testsuite> <!-- testng.DependsOnMethod -->
