<?xml version="1.0" encoding="UTF-8"?>
<!-- Generated by org.testng.reporters.JUnitReportReporter -->
<testsuite hostname="Prasu" failures="0" tests="1" name="Product.ProductTest" time="4.789" errors="0" timestamp="2025-09-20T20:27:19 IST" skipped="0">
  <testcase classname="Product.ProductTest" name="CreateProductTest" time="4.789">
    <system-out>
      <![CDATA[execution started
execution successfully done]]>
    </system-out>
  </testcase> <!-- CreateProductTest -->
  <system-out>
    <![CDATA[Report config
db connection
parallel execution
execution started
execution successfully done
parallel execution
close db connection]]>
  </system-out>
</testsuite> <!-- Product.ProductTest -->
