<?xml version="1.0" encoding="UTF-8"?>
<!-- Generated by org.testng.reporters.JUnitReportReporter -->
<testsuite hostname="Prasu" failures="0" tests="3" name="testng.Enabled" time="0.015" errors="0" timestamp="2025-09-10T21:12:51 IST" skipped="1">
  <testcase classname="testng.Enabled" name="goodnight" time="0.002">
    <system-out>
      <![CDATA[goodnight students]]>
    </system-out>
  </testcase> <!-- goodnight -->
  <testcase classname="testng.Enabled" name="goodmorning" time="0.013">
    <system-out>
      <![CDATA[goodmorning students]]>
    </system-out>
  </testcase> <!-- goodmorning -->
  <testcase classname="testng.Enabled" name="hello">
    <skipped/>
  </testcase> <!-- hello -->
  <system-out>
    <![CDATA[goodmorning students
goodnight students]]>
  </system-out>
</testsuite> <!-- testng.Enabled -->
