<?xml version="1.0" encoding="UTF-8"?>
<!-- Generated by org.testng.reporters.JUnitReportReporter -->
<testsuite hostname="Prasu" failures="0" tests="3" name="testng.Priority" time="0.015" errors="0" timestamp="2025-09-10T20:43:16 IST" skipped="0">
  <testcase classname="testng.Priority" name="createAccount" time="0.012">
    <system-out>
      <![CDATA[account is created]]>
    </system-out>
  </testcase> <!-- createAccount -->
  <testcase classname="testng.Priority" name="updateAccount" time="0.002">
    <system-out>
      <![CDATA[account is updated]]>
    </system-out>
  </testcase> <!-- updateAccount -->
  <testcase classname="testng.Priority" name="deleteAccount" time="0.001">
    <system-out>
      <![CDATA[account is deleted]]>
    </system-out>
  </testcase> <!-- deleteAccount -->
  <system-out>
    <![CDATA[account is created
account is updated
account is deleted]]>
  </system-out>
</testsuite> <!-- testng.Priority -->
