<?xml version="1.0" encoding="UTF-8"?>
<!-- Generated by org.testng.reporters.JUnitReportReporter -->
<testsuite hostname="Prasu" failures="0" tests="1" name="campaign.CampaignTest" time="6.000" errors="0" timestamp="2025-09-19T21:23:01 IST" skipped="0">
  <testcase classname="campaign.CampaignTest" name="CreateCampaignTest" time="6.000">
    <system-out>
      <![CDATA[execution started
execution successfully done]]>
    </system-out>
  </testcase> <!-- CreateCampaignTest -->
  <system-out>
    <![CDATA[Report config
db connection
parallel execution
execution started
execution successfully done
parallel execution
close db connection]]>
  </system-out>
</testsuite> <!-- campaign.CampaignTest -->
