<?xml version="1.0" encoding="UTF-8"?>
<!-- Generated by org.testng.reporters.JUnitReportReporter -->
<testsuite hostname="Prasu" failures="0" tests="5" name="testng.InvocationCount" time="12.273" errors="0" timestamp="2025-09-10T21:03:54 IST" skipped="0">
  <testcase classname="testng.InvocationCount" name="sample" time="2.198">
    <system-out>
      <![CDATA[hello]]>
    </system-out>
  </testcase> <!-- sample -->
  <testcase classname="testng.InvocationCount" name="sample" time="2.300">
    <system-out>
      <![CDATA[hello]]>
    </system-out>
  </testcase> <!-- sample -->
  <testcase classname="testng.InvocationCount" name="sample" time="2.505">
    <system-out>
      <![CDATA[hello]]>
    </system-out>
  </testcase> <!-- sample -->
  <testcase classname="testng.InvocationCount" name="sample" time="2.622">
    <system-out>
      <![CDATA[hello]]>
    </system-out>
  </testcase> <!-- sample -->
  <testcase classname="testng.InvocationCount" name="sample" time="2.648">
    <system-out>
      <![CDATA[hello]]>
    </system-out>
  </testcase> <!-- sample -->
  <system-out>
    <![CDATA[hello
hello
hello
hello
hello]]>
  </system-out>
</testsuite> <!-- testng.InvocationCount -->
