<?xml version="1.0" encoding="UTF-8"?>
<!-- Generated by org.testng.reporters.JUnitReportReporter -->
<testsuite hostname="Prasu" failures="0" tests="6" name="testng.Program1" time="0.025" errors="0" timestamp="2025-09-10T20:24:54 IST" skipped="0">
  <testcase classname="testng.Program1" name="c10" time="0.002">
    <system-out>
      <![CDATA[c10    executed]]>
    </system-out>
  </testcase> <!-- c10 -->
  <testcase classname="testng.Program1" name="c00" time="0.001">
    <system-out>
      <![CDATA[c00 executed]]>
    </system-out>
  </testcase> <!-- c00 -->
  <testcase classname="testng.Program1" name="a11" time="0.017">
    <system-out>
      <![CDATA[a11 executed]]>
    </system-out>
  </testcase> <!-- a11 -->
  <testcase classname="testng.Program1" name="a12" time="0.002">
    <system-out>
      <![CDATA[a12 executed]]>
    </system-out>
  </testcase> <!-- a12 -->
  <testcase classname="testng.Program1" name="d11" time="0.001">
    <system-out>
      <![CDATA[d11 executed]]>
    </system-out>
  </testcase> <!-- d11 -->
  <testcase classname="testng.Program1" name="b11" time="0.002">
    <system-out>
      <![CDATA[b11 executed]]>
    </system-out>
  </testcase> <!-- b11 -->
  <system-out>
    <![CDATA[a11 executed
a12 executed
b11 executed
c00 executed
c10    executed
d11 executed]]>
  </system-out>
</testsuite> <!-- testng.Program1 -->
