<?xml version="1.0" encoding="UTF-8"?>
<!-- Generated by org.testng.reporters.JUnitReportReporter -->
<testsuite hostname="Prasu" failures="0" tests="3" name="testng.Sample" time="0.014" errors="0" timestamp="2025-09-12T20:27:07 IST" skipped="0">
  <testcase classname="testng.Sample" name="test1" time="0.009">
    <system-out>
      <![CDATA[testscript done]]>
    </system-out>
  </testcase> <!-- test1 -->
  <testcase classname="testng.Sample" name="test3" time="0.002">
    <system-out>
      <![CDATA[testscript done3]]>
    </system-out>
  </testcase> <!-- test3 -->
  <testcase classname="testng.Sample" name="test2" time="0.003">
    <system-out>
      <![CDATA[testscript done2]]>
    </system-out>
  </testcase> <!-- test2 -->
  <system-out>
    <![CDATA[db connection
parallel execution
launching browser
login to app
testscript done
logout from app
login to app
testscript done2
logout from app
login to app
testscript done3
logout from app
closing
parallel execution
close db connection]]>
  </system-out>
</testsuite> <!-- testng.Sample -->
